# JRE version: Java(TM) SE Runtime Environment (8.0_191-b12) (build 1.8.0_191-b12)
# Java VM: Java HotSpot(TM) Client VM (25.191-b12 mixed mode windows-x86 )
Heap:
 def new generation   total 107968K, used 66166K [0x05600000, 0x0cb20000, 0x100a0000)
  eden space 96000K,  67% used [0x05600000, 0x095789b8, 0x0b3c0000)
  from space 11968K,   9% used [0x0b3c0000, 0x0b4e50f8, 0x0bf70000)
  to   space 11968K,   0% used [0x0bf70000, 0x0bf70000, 0x0cb20000)
 tenured generation   total 239736K, used 230838K [0x100a0000, 0x1eabe000, 0x25600000)
   the space 239736K,  96% used [0x100a0000, 0x1e20db40, 0x1e20dc00, 0x1eabe000)
 Metaspace       used 20921K, capacity 21468K, committed 21760K, reserved 21888K
GC Heap History (10 events):
Event: 706637.102 GC heap before
{Heap before GC invocations=5462 (full 76):
 def new generation   total 107968K, used 97307K [0x05600000, 0x0cb20000, 0x100a0000)
  eden space 96000K, 100% used [0x05600000, 0x0b3c0000, 0x0b3c0000)
  from space 11968K,  10% used [0x0bf70000, 0x0c0b6f10, 0x0cb20000)
  to   space 11968K,   0% used [0x0b3c0000, 0x0b3c0000, 0x0bf70000)
 tenured generation   total 239736K, used 230406K [0x100a0000, 0x1eabe000, 0x25600000)
   the space 239736K,  96% used [0x100a0000, 0x1e1a18f0, 0x1e1a1a00, 0x1eabe000)
 Metaspace       used 20921K, capacity 21468K, committed 21760K, reserved 21888K
Event: 706637.105 GC heap after
Heap after GC invocations=5463 (full 76):
 def new generation   total 107968K, used 1309K [0x05600000, 0x0cb20000, 0x100a0000)
  eden space 96000K,   0% used [0x05600000, 0x05600000, 0x0b3c0000)
  from space 11968K,  10% used [0x0b3c0000, 0x0b507530, 0x0bf70000)
  to   space 11968K,   0% used [0x0bf70000, 0x0bf70000, 0x0cb20000)
 tenured generation   total 239736K, used 230490K [0x100a0000, 0x1eabe000, 0x25600000)
   the space 239736K,  96% used [0x100a0000, 0x1e1b6830, 0x1e1b6a00, 0x1eabe000)
 Metaspace       used 20921K, capacity 21468K, committed 21760K, reserved 21888K
}
Event: 706888.611 GC heap before
{Heap before GC invocations=5463 (full 76):
 def new generation   total 107968K, used 97309K [0x05600000, 0x0cb20000, 0x100a0000)
  eden space 96000K, 100% used [0x05600000, 0x0b3c0000, 0x0b3c0000)
  from space 11968K,  10% used [0x0b3c0000, 0x0b507530, 0x0bf70000)
  to   space 11968K,   0% used [0x0bf70000, 0x0bf70000, 0x0cb20000)
 tenured generation   total 239736K, used 230490K [0x100a0000, 0x1eabe000, 0x25600000)
   the space 239736K,  96% used [0x100a0000, 0x1e1b6830, 0x1e1b6a00, 0x1eabe000)
 Metaspace       used 20921K, capacity 21468K, committed 21760K, reserved 21888K
Event: 706888.614 GC heap after
Heap after GC invocations=5464 (full 76):
 def new generation   total 107968K, used 1265K [0x05600000, 0x0cb20000, 0x100a0000)
  eden space 96000K,   0% used [0x05600000, 0x05600000, 0x0b3c0000)
  from space 11968K,  10% used [0x0bf70000, 0x0c0ac728, 0x0cb20000)
  to   space 11968K,   0% used [0x0b3c0000, 0x0b3c0000, 0x0bf70000)
 tenured generation   total 239736K, used 230570K [0x100a0000, 0x1eabe000, 0x25600000)
   the space 239736K,  96% used [0x100a0000, 0x1e1cab80, 0x1e1cac00, 0x1eabe000)
 Metaspace       used 20921K, capacity 21468K, committed 21760K, reserved 21888K
}
Event: 707168.615 GC heap before
{Heap before GC invocations=5464 (full 76):
 def new generation   total 107968K, used 97265K [0x05600000, 0x0cb20000, 0x100a0000)
  eden space 96000K, 100% used [0x05600000, 0x0b3c0000, 0x0b3c0000)
  from space 11968K,  10% used [0x0bf70000, 0x0c0ac728, 0x0cb20000)
  to   space 11968K,   0% used [0x0b3c0000, 0x0b3c0000, 0x0bf70000)
 tenured generation   total 239736K, used 230570K [0x100a0000, 0x1eabe000, 0x25600000)
   the space 239736K,  96% used [0x100a0000, 0x1e1cab80, 0x1e1cac00, 0x1eabe000)
 Metaspace       used 20921K, capacity 21468K, committed 21760K, reserved 21888K
Event: 707168.618 GC heap after
Heap after GC invocations=5465 (full 76):
 def new generation   total 107968K, used 1300K [0x05600000, 0x0cb20000, 0x100a0000)
  eden space 96000K,   0% used [0x05600000, 0x05600000, 0x0b3c0000)
  from space 11968K,  10% used [0x0b3c0000, 0x0b505248, 0x0bf70000)
  to   space 11968K,   0% used [0x0bf70000, 0x0bf70000, 0x0cb20000)
 tenured generation   total 239736K, used 230647K [0x100a0000, 0x1eabe000, 0x25600000)
   the space 239736K,  96% used [0x100a0000, 0x1e1ddea0, 0x1e1de000, 0x1eabe000)
 Metaspace       used 20921K, capacity 21468K, committed 21760K, reserved 21888K
}
Event: 707498.551 GC heap before
{Heap before GC invocations=5465 (full 76):
 def new generation   total 107968K, used 97300K [0x05600000, 0x0cb20000, 0x100a0000)
  eden space 96000K, 100% used [0x05600000, 0x0b3c0000, 0x0b3c0000)
  from space 11968K,  10% used [0x0b3c0000, 0x0b505248, 0x0bf70000)
  to   space 11968K,   0% used [0x0bf70000, 0x0bf70000, 0x0cb20000)
 tenured generation   total 239736K, used 230647K [0x100a0000, 0x1eabe000, 0x25600000)
   the space 239736K,  96% used [0x100a0000, 0x1e1ddea0, 0x1e1de000, 0x1eabe000)
 Metaspace       used 20921K, capacity 21468K, committed 21760K, reserved 21888K
Event: 707498.554 GC heap after
Heap after GC invocations=5466 (full 76):
 def new generation   total 107968K, used 1224K [0x05600000, 0x0cb20000, 0x100a0000)
  eden space 96000K,   0% used [0x05600000, 0x05600000, 0x0b3c0000)
  from space 11968K,  10% used [0x0bf70000, 0x0c0a2398, 0x0cb20000)
  to   space 11968K,   0% used [0x0b3c0000, 0x0b3c0000, 0x0bf70000)
 tenured generation   total 239736K, used 230747K [0x100a0000, 0x1eabe000, 0x25600000)
   the space 239736K,  96% used [0x100a0000, 0x1e1f6d68, 0x1e1f6e00, 0x1eabe000)
 Metaspace       used 20921K, capacity 21468K, committed 21760K, reserved 21888K
}
Event: 707823.365 GC heap before
{Heap before GC invocations=5466 (full 76):
 def new generation   total 107968K, used 97224K [0x05600000, 0x0cb20000, 0x100a0000)
  eden space 96000K, 100% used [0x05600000, 0x0b3c0000, 0x0b3c0000)
  from space 11968K,  10% used [0x0bf70000, 0x0c0a2398, 0x0cb20000)
  to   space 11968K,   0% used [0x0b3c0000, 0x0b3c0000, 0x0bf70000)
 tenured generation   total 239736K, used 230747K [0x100a0000, 0x1eabe000, 0x25600000)
   the space 239736K,  96% used [0x100a0000, 0x1e1f6d68, 0x1e1f6e00, 0x1eabe000)
 Metaspace       used 20921K, capacity 21468K, committed 21760K, reserved 21888K
Event: 707823.368 GC heap after
Heap after GC invocations=5467 (full 76):
 def new generation   total 107968K, used 1172K [0x05600000, 0x0cb20000, 0x100a0000)
  eden space 96000K,   0% used [0x05600000, 0x05600000, 0x0b3c0000)
  from space 11968K,   9% used [0x0b3c0000, 0x0b4e50f8, 0x0bf70000)
  to   space 11968K,   0% used [0x0bf70000, 0x0bf70000, 0x0cb20000)
 tenured generation   total 239736K, used 230838K [0x100a0000, 0x1eabe000, 0x25600000)
   the space 239736K,  96% used [0x100a0000, 0x1e20db40, 0x1e20dc00, 0x1eabe000)
 Metaspace       used 20921K, capacity 21468K, committed 21760K, reserved 21888K
}

