# JRE version: Java(TM) SE Runtime Environment (8.0_191-b12) (build 1.8.0_191-b12)
# Java VM: Java HotSpot(TM) Client VM (25.191-b12 mixed mode windows-x86 )
Heap:
 def new generation   total 80832K, used 10493K [0x05400000, 0x0abb0000, 0x0fea0000)
  eden space 71872K,  13% used [0x05400000, 0x05d78b78, 0x09a30000)
  from space 8960K,   8% used [0x0a2f0000, 0x0a3b69a8, 0x0abb0000)
  to   space 8960K,   0% used [0x09a30000, 0x09a30000, 0x0a2f0000)
 tenured generation   total 179412K, used 173877K [0x0fea0000, 0x1add5000, 0x25400000)
   the space 179412K,  96% used [0x0fea0000, 0x1a86d7f8, 0x1a86d800, 0x1add5000)
 Metaspace       used 21429K, capacity 22018K, committed 22272K, reserved 22912K
GC Heap History (10 events):
Event: 706422.860 GC heap before
{Heap before GC invocations=6018 (full 79):
 def new generation   total 80832K, used 72705K [0x05400000, 0x0abb0000, 0x0fea0000)
  eden space 71872K, 100% used [0x05400000, 0x09a30000, 0x09a30000)
  from space 8960K,   9% used [0x09a30000, 0x09b004e0, 0x0a2f0000)
  to   space 8960K,   0% used [0x0a2f0000, 0x0a2f0000, 0x0abb0000)
 tenured generation   total 179412K, used 173639K [0x0fea0000, 0x1add5000, 0x25400000)
   the space 179412K,  96% used [0x0fea0000, 0x1a831c60, 0x1a831e00, 0x1add5000)
 Metaspace       used 21429K, capacity 22018K, committed 22272K, reserved 22912K
Event: 706422.862 GC heap after
Heap after GC invocations=6019 (full 79):
 def new generation   total 80832K, used 830K [0x05400000, 0x0abb0000, 0x0fea0000)
  eden space 71872K,   0% used [0x05400000, 0x05400000, 0x09a30000)
  from space 8960K,   9% used [0x0a2f0000, 0x0a3bfaa8, 0x0abb0000)
  to   space 8960K,   0% used [0x09a30000, 0x09a30000, 0x0a2f0000)
 tenured generation   total 179412K, used 173694K [0x0fea0000, 0x1add5000, 0x25400000)
   the space 179412K,  96% used [0x0fea0000, 0x1a83f870, 0x1a83fa00, 0x1add5000)
 Metaspace       used 21429K, capacity 22018K, committed 22272K, reserved 22912K
}
Event: 706575.898 GC heap before
{Heap before GC invocations=6019 (full 79):
 def new generation   total 80832K, used 72702K [0x05400000, 0x0abb0000, 0x0fea0000)
  eden space 71872K, 100% used [0x05400000, 0x09a30000, 0x09a30000)
  from space 8960K,   9% used [0x0a2f0000, 0x0a3bfaa8, 0x0abb0000)
  to   space 8960K,   0% used [0x09a30000, 0x09a30000, 0x0a2f0000)
 tenured generation   total 179412K, used 173694K [0x0fea0000, 0x1add5000, 0x25400000)
   the space 179412K,  96% used [0x0fea0000, 0x1a83f870, 0x1a83fa00, 0x1add5000)
 Metaspace       used 21429K, capacity 22018K, committed 22272K, reserved 22912K
Event: 706575.900 GC heap after
Heap after GC invocations=6020 (full 79):
 def new generation   total 80832K, used 759K [0x05400000, 0x0abb0000, 0x0fea0000)
  eden space 71872K,   0% used [0x05400000, 0x05400000, 0x09a30000)
  from space 8960K,   8% used [0x09a30000, 0x09aedd40, 0x0a2f0000)
  to   space 8960K,   0% used [0x0a2f0000, 0x0a2f0000, 0x0abb0000)
 tenured generation   total 179412K, used 173735K [0x0fea0000, 0x1add5000, 0x25400000)
   the space 179412K,  96% used [0x0fea0000, 0x1a849f20, 0x1a84a000, 0x1add5000)
 Metaspace       used 21429K, capacity 22018K, committed 22272K, reserved 22912K
}
Event: 706729.046 GC heap before
{Heap before GC invocations=6020 (full 79):
 def new generation   total 80832K, used 72631K [0x05400000, 0x0abb0000, 0x0fea0000)
  eden space 71872K, 100% used [0x05400000, 0x09a30000, 0x09a30000)
  from space 8960K,   8% used [0x09a30000, 0x09aedd40, 0x0a2f0000)
  to   space 8960K,   0% used [0x0a2f0000, 0x0a2f0000, 0x0abb0000)
 tenured generation   total 179412K, used 173735K [0x0fea0000, 0x1add5000, 0x25400000)
   the space 179412K,  96% used [0x0fea0000, 0x1a849f20, 0x1a84a000, 0x1add5000)
 Metaspace       used 21429K, capacity 22018K, committed 22272K, reserved 22912K
Event: 706729.049 GC heap after
Heap after GC invocations=6021 (full 79):
 def new generation   total 80832K, used 763K [0x05400000, 0x0abb0000, 0x0fea0000)
  eden space 71872K,   0% used [0x05400000, 0x05400000, 0x09a30000)
  from space 8960K,   8% used [0x0a2f0000, 0x0a3aecc0, 0x0abb0000)
  to   space 8960K,   0% used [0x09a30000, 0x09a30000, 0x0a2f0000)
 tenured generation   total 179412K, used 173794K [0x0fea0000, 0x1add5000, 0x25400000)
   the space 179412K,  96% used [0x0fea0000, 0x1a858858, 0x1a858a00, 0x1add5000)
 Metaspace       used 21429K, capacity 22018K, committed 22272K, reserved 22912K
}
Event: 706895.531 GC heap before
{Heap before GC invocations=6021 (full 79):
 def new generation   total 80832K, used 72571K [0x05400000, 0x0abb0000, 0x0fea0000)
  eden space 71872K,  99% used [0x05400000, 0x09a20250, 0x09a30000)
  from space 8960K,   8% used [0x0a2f0000, 0x0a3aecc0, 0x0abb0000)
  to   space 8960K,   0% used [0x09a30000, 0x09a30000, 0x0a2f0000)
 tenured generation   total 179412K, used 173794K [0x0fea0000, 0x1add5000, 0x25400000)
   the space 179412K,  96% used [0x0fea0000, 0x1a858858, 0x1a858a00, 0x1add5000)
 Metaspace       used 21429K, capacity 22018K, committed 22272K, reserved 22912K
Event: 706895.533 GC heap after
Heap after GC invocations=6022 (full 79):
 def new generation   total 80832K, used 766K [0x05400000, 0x0abb0000, 0x0fea0000)
  eden space 71872K,   0% used [0x05400000, 0x05400000, 0x09a30000)
  from space 8960K,   8% used [0x09a30000, 0x09aef940, 0x0a2f0000)
  to   space 8960K,   0% used [0x0a2f0000, 0x0a2f0000, 0x0abb0000)
 tenured generation   total 179412K, used 173839K [0x0fea0000, 0x1add5000, 0x25400000)
   the space 179412K,  96% used [0x0fea0000, 0x1a863ed8, 0x1a864000, 0x1add5000)
 Metaspace       used 21429K, capacity 22018K, committed 22272K, reserved 22912K
}
Event: 707055.641 GC heap before
{Heap before GC invocations=6022 (full 79):
 def new generation   total 80832K, used 72638K [0x05400000, 0x0abb0000, 0x0fea0000)
  eden space 71872K, 100% used [0x05400000, 0x09a30000, 0x09a30000)
  from space 8960K,   8% used [0x09a30000, 0x09aef940, 0x0a2f0000)
  to   space 8960K,   0% used [0x0a2f0000, 0x0a2f0000, 0x0abb0000)
 tenured generation   total 179412K, used 173839K [0x0fea0000, 0x1add5000, 0x25400000)
   the space 179412K,  96% used [0x0fea0000, 0x1a863ed8, 0x1a864000, 0x1add5000)
 Metaspace       used 21429K, capacity 22018K, committed 22272K, reserved 22912K
Event: 707055.644 GC heap after
Heap after GC invocations=6023 (full 79):
 def new generation   total 80832K, used 794K [0x05400000, 0x0abb0000, 0x0fea0000)
  eden space 71872K,   0% used [0x05400000, 0x05400000, 0x09a30000)
  from space 8960K,   8% used [0x0a2f0000, 0x0a3b69a8, 0x0abb0000)
  to   space 8960K,   0% used [0x09a30000, 0x09a30000, 0x0a2f0000)
 tenured generation   total 179412K, used 173877K [0x0fea0000, 0x1add5000, 0x25400000)
   the space 179412K,  96% used [0x0fea0000, 0x1a86d7f8, 0x1a86d800, 0x1add5000)
 Metaspace       used 21429K, capacity 22018K, committed 22272K, reserved 22912K
}

